
/home/runner/work/exp-network-topologies-iitr/exp-network-topologies-iitr/experiment/simulation/js/bus.js
    3:42  warning  'value' is assigned a value but never used    no-unused-vars
    4:7   warning  'i' is defined but never used                 no-unused-vars
    4:16  warning  'j' is defined but never used                 no-unused-vars
    4:23  warning  'k' is defined but never used                 no-unused-vars
    4:30  warning  'l' is defined but never used                 no-unused-vars
    5:37  warning  'flag_hb' is assigned a value but never used  no-unused-vars
    5:52  warning  'flag_sw' is assigned a value but never used  no-unused-vars
   11:14  warning  'initialise' is defined but never used        no-unused-vars
   16:14  warning  'imgDraw' is defined but never used           no-unused-vars
   36:18  warning  'x' is already defined                        no-redeclare
   39:18  warning  'x' is already defined                        no-redeclare
   42:18  warning  'x' is already defined                        no-redeclare
   58:18  warning  'x' is already defined                        no-redeclare
   61:18  warning  'x' is already defined                        no-redeclare
   64:18  warning  'x' is already defined                        no-redeclare
   67:18  warning  'x' is already defined                        no-redeclare
   79:13  warning  'x' is already defined                        no-redeclare
   87:13  warning  'x' is already defined                        no-redeclare
   96:23  warning  'x' is already defined                        no-redeclare
  118:15  warning  'c' is assigned a value but never used        no-unused-vars
  119:11  warning  'instance' is not defined                     no-undef
  119:22  warning  'jsPlumb' is not defined                      no-undef
  120:11  warning  'instance' is not defined                     no-undef
  124:7   warning  'instance' is not defined                     no-undef
  127:20  warning  'instance' is not defined                     no-undef
  143:16  warning  'instance' is not defined                     no-undef
  158:16  warning  'instance' is not defined                     no-undef
  172:14  warning  'instance' is not defined                     no-undef
  192:10  warning  'instance' is not defined                     no-undef
  206:12  warning  'instance' is not defined                     no-undef
  219:12  warning  'instance' is not defined                     no-undef
  233:12  warning  'instance' is not defined                     no-undef
  252:15  warning  'instance' is not defined                     no-undef
  268:15  warning  'instance' is not defined                     no-undef
  283:13  warning  'instance' is not defined                     no-undef
  297:11  warning  'instance' is not defined                     no-undef
  328:7   warning  'instance' is not defined                     no-undef
  328:50  warning  'ev' is defined but never used                no-unused-vars
  340:14  warning  'redirect' is defined but never used          no-unused-vars
  360:14  warning  'reset' is defined but never used             no-unused-vars
  367:23  warning  'evaltop' is defined but never used           no-unused-vars
  368:13  warning  'selectElement' is not defined                no-undef
  370:30  warning  'selectElement' is not defined                no-undef
  374:23  warning  'Swal' is not defined                         no-undef
  389:23  warning  'Swal' is not defined                         no-undef
  404:23  warning  'Swal' is not defined                         no-undef
  419:23  warning  'Swal' is not defined                         no-undef
  433:23  warning  'Swal' is not defined                         no-undef
  447:23  warning  'Swal' is not defined                         no-undef
  475:27  warning  'Swal' is not defined                         no-undef
  490:27  warning  'Swal' is not defined                         no-undef
  505:41  warning  'Swal' is not defined                         no-undef
  507:33  warning  'Swal' is not defined                         no-undef
  514:31  warning  'Swal' is not defined                         no-undef
  527:31  warning  'Swal' is not defined                         no-undef
  543:25  warning  'Swal' is not defined                         no-undef

/home/runner/work/exp-network-topologies-iitr/exp-network-topologies-iitr/experiment/simulation/js/hybrid.js
    8:10  warning  'initialise' is defined but never used  no-unused-vars
    9:3   warning  'Swal' is not defined                   no-undef
   18:3   warning  'jsPlumb' is not defined                no-undef
   19:16  warning  'jsPlumb' is not defined                no-undef
   31:10  warning  'imgDraw' is defined but never used     no-unused-vars
   84:3   warning  'Swal' is not defined                   no-undef
   92:3   warning  'Swal' is not defined                   no-undef
  151:10  warning  'redirect' is defined but never used    no-unused-vars
  160:10  warning  'reset' is defined but never used       no-unused-vars
  162:10  warning  'evaltop' is defined but never used     no-unused-vars
  164:12  warning  'Swal' is not defined                   no-undef
  170:12  warning  'Swal' is not defined                   no-undef
  176:12  warning  'Swal' is not defined                   no-undef
  199:5   warning  'Swal' is not defined                   no-undef
  206:5   warning  'Swal' is not defined                   no-undef

/home/runner/work/exp-network-topologies-iitr/exp-network-topologies-iitr/experiment/simulation/js/main.js
    3:9   warning  'i' is defined but never used                 no-unused-vars
    3:18  warning  'j' is defined but never used                 no-unused-vars
    3:25  warning  'k' is defined but never used                 no-unused-vars
    3:32  warning  'l' is defined but never used                 no-unused-vars
    6:5   warning  'pcount' is assigned a value but never used   no-unused-vars
    6:17  warning  'pccount' is not defined                      no-undef
    6:34  warning  'lcount' is assigned a value but never used   no-unused-vars
    6:58  warning  'value' is assigned a value but never used    no-unused-vars
    7:5   warning  'isw' is assigned a value but never used      no-unused-vars
    7:26  warning  'swcount' is assigned a value but never used  no-unused-vars
    8:5   warning  'm' is assigned a value but never used        no-unused-vars
    8:12  warning  'n' is assigned a value but never used        no-unused-vars
   16:14  warning  'initialise' is defined but never used        no-unused-vars
   17:11  warning  'pccount' is not defined                      no-undef
   23:14  warning  'imgDraw' is defined but never used           no-unused-vars
   43:18  warning  'x' is already defined                        no-redeclare
   46:18  warning  'x' is already defined                        no-redeclare
   49:18  warning  'x' is already defined                        no-redeclare
   65:18  warning  'x' is already defined                        no-redeclare
   68:18  warning  'x' is already defined                        no-redeclare
   71:18  warning  'x' is already defined                        no-redeclare
   74:18  warning  'x' is already defined                        no-redeclare
   97:21  warning  'x' is already defined                        no-redeclare
  113:21  warning  'x' is already defined                        no-redeclare
  131:15  warning  'c' is assigned a value but never used        no-unused-vars
  132:11  warning  'instance' is not defined                     no-undef
  132:22  warning  'jsPlumb' is not defined                      no-undef
  133:11  warning  'instance' is not defined                     no-undef
  137:7   warning  'instance' is not defined                     no-undef
  140:20  warning  'instance' is not defined                     no-undef
  156:16  warning  'instance' is not defined                     no-undef
  170:16  warning  'instance' is not defined                     no-undef
  183:13  warning  'instance' is not defined                     no-undef
  203:12  warning  'instance' is not defined                     no-undef
  218:13  warning  'instance' is not defined                     no-undef
  231:12  warning  'instance' is not defined                     no-undef
  245:11  warning  'instance' is not defined                     no-undef
  262:13  warning  'instance' is not defined                     no-undef
  275:11  warning  'instance' is not defined                     no-undef
  288:13  warning  'instance' is not defined                     no-undef
  301:12  warning  'instance' is not defined                     no-undef
  319:13  warning  'instance' is not defined                     no-undef
  332:13  warning  'instance' is not defined                     no-undef
  345:12  warning  'instance' is not defined                     no-undef
  358:13  warning  'instance' is not defined                     no-undef
  402:9   warning  'instance' is not defined                     no-undef
  402:52  warning  'ev' is defined but never used                no-unused-vars
  416:14  warning  'redirect' is defined but never used          no-unused-vars
  451:20  warning  'evaltop' is defined but never used           no-unused-vars
  452:13  warning  'selectElement' is not defined                no-undef
  454:30  warning  'selectElement' is not defined                no-undef
  459:13  warning  'Swal' is not defined                         no-undef
  475:13  warning  'Swal' is not defined                         no-undef
  487:13  warning  'Swal' is not defined                         no-undef
  501:13  warning  'Swal' is not defined                         no-undef
  531:27  warning  'Swal' is not defined                         no-undef
  546:28  warning  'Swal' is not defined                         no-undef
  561:41  warning  'Swal' is not defined                         no-undef
  563:33  warning  'Swal' is not defined                         no-undef
  570:31  warning  'Swal' is not defined                         no-undef
  583:31  warning  'Swal' is not defined                         no-undef
  602:25  warning  'Swal' is not defined                         no-undef

/home/runner/work/exp-network-topologies-iitr/exp-network-topologies-iitr/experiment/simulation/js/mesh.js
    3:19  warning  'output' is assigned a value but never used  no-unused-vars
    4:9   warning  'i' is defined but never used                no-unused-vars
    4:25  warning  'k' is defined but never used                no-unused-vars
    4:32  warning  'l' is defined but never used                no-unused-vars
    7:5   warning  'ipc' is assigned a value but never used     no-unused-vars
    7:21  warning  'lcount' is assigned a value but never used  no-unused-vars
    7:45  warning  'value' is assigned a value but never used   no-unused-vars
   16:14  warning  'initialise' is defined but never used       no-unused-vars
   21:14  warning  'imgDraw' is defined but never used          no-unused-vars
   38:15  warning  'x' is already defined                       no-redeclare
   41:15  warning  'x' is already defined                       no-redeclare
   44:15  warning  'x' is already defined                       no-redeclare
   49:11  warning  'Swal' is not defined                        no-undef
   59:17  warning  Unnecessary semicolon                        no-extra-semi
   72:15  warning  'x' is already defined                       no-redeclare
   75:15  warning  'x' is already defined                       no-redeclare
   78:15  warning  'x' is already defined                       no-redeclare
   81:15  warning  'x' is already defined                       no-redeclare
   85:8   warning  'Swal' is not defined                        no-undef
  114:21  warning  'x' is already defined                       no-redeclare
  117:21  warning  'x' is already defined                       no-redeclare
  120:21  warning  'x' is already defined                       no-redeclare
  123:21  warning  'x' is already defined                       no-redeclare
  128:19  warning  'Swal' is not defined                        no-undef
  153:21  warning  'x' is already defined                       no-redeclare
  156:21  warning  'x' is already defined                       no-redeclare
  159:21  warning  'x' is already defined                       no-redeclare
  162:21  warning  'x' is already defined                       no-redeclare
  168:19  warning  'Swal' is not defined                        no-undef
  196:15  warning  'c' is assigned a value but never used       no-unused-vars
  197:11  warning  'instance' is not defined                    no-undef
  197:22  warning  'jsPlumb' is not defined                     no-undef
  198:11  warning  'instance' is not defined                    no-undef
  202:11  warning  'p1' is assigned a value but never used      no-unused-vars
  202:16  warning  'instance' is not defined                    no-undef
  205:20  warning  'instance' is not defined                    no-undef
  220:20  warning  'instance' is not defined                    no-undef
  233:16  warning  'instance' is not defined                    no-undef
  246:14  warning  'instance' is not defined                    no-undef
  264:11  warning  'instance' is not defined                    no-undef
  278:11  warning  'instance' is not defined                    no-undef
  293:12  warning  'instance' is not defined                    no-undef
  306:12  warning  'instance' is not defined                    no-undef
  324:15  warning  'instance' is not defined                    no-undef
  337:13  warning  'instance' is not defined                    no-undef
  350:13  warning  'instance' is not defined                    no-undef
  363:11  warning  'instance' is not defined                    no-undef
  377:11  warning  'instance' is not defined                    no-undef
  390:13  warning  'instance' is not defined                    no-undef
  403:13  warning  'instance' is not defined                    no-undef
  416:11  warning  'instance' is not defined                    no-undef
  430:11  warning  'instance' is not defined                    no-undef
  444:13  warning  'instance' is not defined                    no-undef
  458:13  warning  'instance' is not defined                    no-undef
  471:11  warning  'instance' is not defined                    no-undef
  485:11  warning  'instance' is not defined                    no-undef
  498:13  warning  'instance' is not defined                    no-undef
  511:13  warning  'instance' is not defined                    no-undef
  524:11  warning  'instance' is not defined                    no-undef
  543:13  warning  'instance' is not defined                    no-undef
  556:13  warning  'instance' is not defined                    no-undef
  569:15  warning  'instance' is not defined                    no-undef
  582:12  warning  'instance' is not defined                    no-undef
  596:13  warning  'instance' is not defined                    no-undef
  609:13  warning  'instance' is not defined                    no-undef
  622:15  warning  'instance' is not defined                    no-undef
  634:12  warning  'instance' is not defined                    no-undef
  648:13  warning  'instance' is not defined                    no-undef
  660:13  warning  'instance' is not defined                    no-undef
  672:15  warning  'instance' is not defined                    no-undef
  684:12  warning  'instance' is not defined                    no-undef
  698:13  warning  'instance' is not defined                    no-undef
  710:13  warning  'instance' is not defined                    no-undef
  722:15  warning  'instance' is not defined                    no-undef
  734:12  warning  'instance' is not defined                    no-undef
  787:7   warning  'instance' is not defined                    no-undef
  787:50  warning  'ev' is defined but never used               no-unused-vars
  801:14  warning  'redirect' is defined but never used         no-unused-vars
  820:14  warning  'reset' is defined but never used            no-unused-vars
  824:18  warning  'evaltop' is defined but never used          no-unused-vars
  825:13  warning  'selectElement' is not defined               no-undef
  827:30  warning  'selectElement' is not defined               no-undef
  831:13  warning  'Swal' is not defined                        no-undef
  845:13  warning  'Swal' is not defined                        no-undef
  857:13  warning  'Swal' is not defined                        no-undef
  871:13  warning  'Swal' is not defined                        no-undef
  924:27  warning  'Swal' is not defined                        no-undef
  939:25  warning  'Swal' is not defined                        no-undef
  956:23  warning  'Swal' is not defined                        no-undef

/home/runner/work/exp-network-topologies-iitr/exp-network-topologies-iitr/experiment/simulation/js/ring.js
    3:19  warning  'output' is assigned a value but never used  no-unused-vars
    4:9   warning  'i' is defined but never used                no-unused-vars
    4:25  warning  'k' is defined but never used                no-unused-vars
    4:32  warning  'l' is defined but never used                no-unused-vars
    7:5   warning  'ipc' is assigned a value but never used     no-unused-vars
    7:21  warning  'lcount' is assigned a value but never used  no-unused-vars
    7:45  warning  'value' is assigned a value but never used   no-unused-vars
   16:14  warning  'initialise' is defined but never used       no-unused-vars
   21:14  warning  'imgDraw' is defined but never used          no-unused-vars
   39:15  warning  'x' is already defined                       no-redeclare
   42:15  warning  'x' is already defined                       no-redeclare
   45:15  warning  'x' is already defined                       no-redeclare
   51:11  warning  'Swal' is not defined                        no-undef
   73:15  warning  'x' is already defined                       no-redeclare
   76:15  warning  'x' is already defined                       no-redeclare
   79:15  warning  'x' is already defined                       no-redeclare
   82:15  warning  'x' is already defined                       no-redeclare
   87:8   warning  'Swal' is not defined                        no-undef
  116:21  warning  'x' is already defined                       no-redeclare
  119:21  warning  'x' is already defined                       no-redeclare
  122:21  warning  'x' is already defined                       no-redeclare
  125:21  warning  'x' is already defined                       no-redeclare
  130:19  warning  'Swal' is not defined                        no-undef
  156:21  warning  'x' is already defined                       no-redeclare
  159:21  warning  'x' is already defined                       no-redeclare
  162:21  warning  'x' is already defined                       no-redeclare
  165:21  warning  'x' is already defined                       no-redeclare
  172:19  warning  'Swal' is not defined                        no-undef
  200:15  warning  'c' is assigned a value but never used       no-unused-vars
  201:11  warning  'instance' is not defined                    no-undef
  201:22  warning  'jsPlumb' is not defined                     no-undef
  202:11  warning  'instance' is not defined                    no-undef
  206:7   warning  'instance' is not defined                    no-undef
  209:20  warning  'instance' is not defined                    no-undef
  223:20  warning  'instance' is not defined                    no-undef
  236:16  warning  'instance' is not defined                    no-undef
  249:14  warning  'instance' is not defined                    no-undef
  267:11  warning  'instance' is not defined                    no-undef
  282:10  warning  'instance' is not defined                    no-undef
  296:12  warning  'instance' is not defined                    no-undef
  308:12  warning  'instance' is not defined                    no-undef
  326:13  warning  'instance' is not defined                    no-undef
  338:13  warning  'instance' is not defined                    no-undef
  350:11  warning  'instance' is not defined                    no-undef
  363:11  warning  'instance' is not defined                    no-undef
  375:13  warning  'instance' is not defined                    no-undef
  387:11  warning  'instance' is not defined                    no-undef
  400:12  warning  'instance' is not defined                    no-undef
  412:13  warning  'instance' is not defined                    no-undef
  424:12  warning  'instance' is not defined                    no-undef
  437:11  warning  'instance' is not defined                    no-undef
  449:13  warning  'instance' is not defined                    no-undef
  461:11  warning  'instance' is not defined                    no-undef
  481:12  warning  'instance' is not defined                    no-undef
  493:13  warning  'instance' is not defined                    no-undef
  505:12  warning  'instance' is not defined                    no-undef
  519:13  warning  'instance' is not defined                    no-undef
  531:13  warning  'instance' is not defined                    no-undef
  543:12  warning  'instance' is not defined                    no-undef
  557:13  warning  'instance' is not defined                    no-undef
  569:13  warning  'instance' is not defined                    no-undef
  581:12  warning  'instance' is not defined                    no-undef
  595:13  warning  'instance' is not defined                    no-undef
  607:13  warning  'instance' is not defined                    no-undef
  619:12  warning  'instance' is not defined                    no-undef
  671:7   warning  'instance' is not defined                    no-undef
  671:50  warning  'ev' is defined but never used               no-unused-vars
  685:14  warning  'redirect' is defined but never used         no-unused-vars
  704:14  warning  'reset' is defined but never used            no-unused-vars
  708:18  warning  'evaltop' is defined but never used          no-unused-vars
  709:13  warning  'selectElement' is not defined               no-undef
  711:30  warning  'selectElement' is not defined               no-undef
  715:13  warning  'Swal' is not defined                        no-undef
  729:13  warning  'Swal' is not defined                        no-undef
  741:13  warning  'Swal' is not defined                        no-undef
  755:13  warning  'Swal' is not defined                        no-undef
  813:27  warning  'Swal' is not defined                        no-undef
  834:25  warning  'Swal' is not defined                        no-undef
  853:23  warning  'Swal' is not defined                        no-undef

✖ 301 problems (0 errors, 301 warnings)
  0 errors and 1 warning potentially fixable with the `--fix` option.

